[00:00:59.547] Server  LOG     
[00:00:59.548] Server  LOG        We detected TypeScript in your project and reconfigured your tsconfig.json file for you.
[00:00:59.549] Server  LOG        The following suggested values were added to your tsconfig.json. These values can be changed to fit your project's needs:

[00:00:59.550] Server  LOG        	- include was updated to add '.next/dev/types/**/*.ts'
[00:00:59.550] Server  LOG     
[00:00:59.551] Server  LOG        The following mandatory changes were made to your tsconfig.json:

[00:00:59.552] Server  LOG        	- jsx was set to react-jsx (next.js uses the React automatic runtime)
[00:00:59.552] Server  LOG     
[00:01:09.739] Server  LOG      ✓ Ready in 48.7s
[00:01:43.149] Server  LOG      ○ Compiling / ...
[00:02:31.700] Browser INFO    %cDownload the React DevTools for a better development experience: https://react.dev/link/react-devtools font-weight:bold
[00:02:31.787] Browser LOG     %c[Vercel Web Analytics]%c Debug mode is enabled by default in development. No requests will be sent to the server. color: rgb(120, 120, 120) color: inherit
[00:02:31.787] Browser LOG     %c[Vercel Web Analytics]%c Running queued event color: rgb(120, 120, 120) color: inherit pageview {"path":"/","route":"/"}
[00:02:31.787] Browser LOG     %c[Vercel Web Analytics]%c [pageview] http://localhost:3000/ color: rgb(120, 120, 120) color: inherit {"dp":"/","o":"http://localhost:3000/","r":"","sdkn":"@vercel/analytics/next","sdkv":"1.3.1","sv":"0.1.3","ts":1765964869682}
[00:03:30.299] Browser INFO    %cDownload the React DevTools for a better development experience: https://react.dev/link/react-devtools font-weight:bold
[00:03:30.615] Browser LOG     %c[Vercel Web Analytics]%c Debug mode is enabled by default in development. No requests will be sent to the server. color: rgb(120, 120, 120) color: inherit
[00:03:30.615] Browser LOG     %c[Vercel Web Analytics]%c Running queued event color: rgb(120, 120, 120) color: inherit pageview {"path":"/video-sosialisasi","route":"/video-sosialisasi"}
[00:03:30.616] Browser LOG     %c[Vercel Web Analytics]%c [pageview] http://localhost:3000/video-sosialisasi color: rgb(120, 120, 120) color: inherit {"dp":"/video-sosialisasi","o":"http://localhost:3000/video-sosialisasi","sdkn":"@vercel/analytics/next","sdkv":"1.3.1","sv":"0.1.3","ts":1765964929346}
[00:03:36.497] Browser LOG     %c[Vercel Web Analytics]%c [pageview] http://localhost:3000/ color: rgb(120, 120, 120) color: inherit {"dp":"/","o":"http://localhost:3000/","sdkn":"@vercel/analytics/next","sdkv":"1.3.1","sv":"0.1.3","ts":1765964935347}
[00:03:59.636] Browser LOG     %c[Vercel Web Analytics]%c [pageview] http://localhost:3000/absensi-digital color: rgb(120, 120, 120) color: inherit {"dp":"/absensi-digital","o":"http://localhost:3000/absensi-digital","sdkn":"@vercel/analytics/next","sdkv":"1.3.1","sv":"0.1.3","ts":1765964958492}
[00:04:22.433] Browser LOG     %c[Vercel Web Analytics]%c [pageview] http://localhost:3000/ color: rgb(120, 120, 120) color: inherit {"dp":"/","o":"http://localhost:3000/","sdkn":"@vercel/analytics/next","sdkv":"1.3.1","sv":"0.1.3","ts":1765964981289}
[00:05:34.489] Browser INFO    %cDownload the React DevTools for a better development experience: https://react.dev/link/react-devtools font-weight:bold
[00:05:34.710] Browser LOG     %c[Vercel Web Analytics]%c Debug mode is enabled by default in development. No requests will be sent to the server. color: rgb(120, 120, 120) color: inherit
[00:05:34.710] Browser LOG     %c[Vercel Web Analytics]%c Running queued event color: rgb(120, 120, 120) color: inherit pageview {"path":"/","route":"/"}
[00:05:34.710] Browser LOG     %c[Vercel Web Analytics]%c [pageview] http://localhost:3000/ color: rgb(120, 120, 120) color: inherit {"dp":"/","o":"http://localhost:3000/","sdkn":"@vercel/analytics/next","sdkv":"1.3.1","sv":"0.1.3","ts":1765965053573}
[00:08:20.442] Browser INFO    %cDownload the React DevTools for a better development experience: https://react.dev/link/react-devtools font-weight:bold
[00:08:20.829] Browser LOG     %c[Vercel Web Analytics]%c Debug mode is enabled by default in development. No requests will be sent to the server. color: rgb(120, 120, 120) color: inherit
[00:08:20.829] Browser LOG     %c[Vercel Web Analytics]%c Running queued event color: rgb(120, 120, 120) color: inherit pageview {"path":"/video-sosialisasi","route":"/video-sosialisasi"}
[00:08:20.829] Browser LOG     %c[Vercel Web Analytics]%c [pageview] http://localhost:3000/video-sosialisasi color: rgb(120, 120, 120) color: inherit {"dp":"/video-sosialisasi","o":"http://localhost:3000/video-sosialisasi","sdkn":"@vercel/analytics/next","sdkv":"1.3.1","sv":"0.1.3","ts":1765965219691}
[00:08:34.868] Browser LOG     %c[Vercel Web Analytics]%c [pageview] http://localhost:3000/video-sosialisasi/sosialisasi-abaf-2 color: rgb(120, 120, 120) color: inherit {"dp":"/video-sosialisasi/[id]","o":"http://localhost:3000/video-sosialisasi/sosialisasi-abaf-2","sdkn":"@vercel/analytics/next","sdkv":"1.3.1","sv":"0.1.3","ts":1765965233712}
[00:08:40.244] Browser LOG     %c[Vercel Web Analytics]%c [pageview] http://localhost:3000/video-sosialisasi color: rgb(120, 120, 120) color: inherit {"dp":"/video-sosialisasi","o":"http://localhost:3000/video-sosialisasi","sdkn":"@vercel/analytics/next","sdkv":"1.3.1","sv":"0.1.3","ts":1765965239102}
[00:09:03.285] Browser LOG     %c[Vercel Web Analytics]%c [pageview] http://localhost:3000/ color: rgb(120, 120, 120) color: inherit {"dp":"/","o":"http://localhost:3000/","sdkn":"@vercel/analytics/next","sdkv":"1.3.1","sv":"0.1.3","ts":1765965262134}
[00:09:08.595] Browser INFO    %cDownload the React DevTools for a better development experience: https://react.dev/link/react-devtools font-weight:bold
[00:09:08.963] Browser LOG     %c[Vercel Web Analytics]%c Debug mode is enabled by default in development. No requests will be sent to the server. color: rgb(120, 120, 120) color: inherit
[00:09:08.964] Browser LOG     %c[Vercel Web Analytics]%c Running queued event color: rgb(120, 120, 120) color: inherit pageview {"path":"/","route":"/"}
[00:09:08.964] Browser LOG     %c[Vercel Web Analytics]%c [pageview] http://localhost:3000/ color: rgb(120, 120, 120) color: inherit {"dp":"/","o":"http://localhost:3000/","sdkn":"@vercel/analytics/next","sdkv":"1.3.1","sv":"0.1.3","ts":1765965267824}
[00:47:44.175] Browser INFO    %cDownload the React DevTools for a better development experience: https://react.dev/link/react-devtools font-weight:bold
[00:47:44.552] Browser LOG     %c[Vercel Web Analytics]%c Debug mode is enabled by default in development. No requests will be sent to the server. color: rgb(120, 120, 120) color: inherit
[00:47:44.552] Browser LOG     %c[Vercel Web Analytics]%c Running queued event color: rgb(120, 120, 120) color: inherit pageview {"path":"/video-sosialisasi","route":"/video-sosialisasi"}
[00:47:44.552] Browser LOG     %c[Vercel Web Analytics]%c [pageview] http://localhost:3000/video-sosialisasi color: rgb(120, 120, 120) color: inherit {"dp":"/video-sosialisasi","o":"http://localhost:3000/video-sosialisasi","sdkn":"@vercel/analytics/next","sdkv":"1.3.1","sv":"0.1.3","ts":1765967583413}
[00:47:49.020] Browser LOG     %c[Vercel Web Analytics]%c [pageview] http://localhost:3000/ color: rgb(120, 120, 120) color: inherit {"dp":"/","o":"http://localhost:3000/","sdkn":"@vercel/analytics/next","sdkv":"1.3.1","sv":"0.1.3","ts":1765967587877}
[00:47:55.049] Browser INFO    %cDownload the React DevTools for a better development experience: https://react.dev/link/react-devtools font-weight:bold
[00:47:55.237] Browser LOG     %c[Vercel Web Analytics]%c Debug mode is enabled by default in development. No requests will be sent to the server. color: rgb(120, 120, 120) color: inherit
[00:47:55.238] Browser LOG     %c[Vercel Web Analytics]%c Running queued event color: rgb(120, 120, 120) color: inherit pageview {"path":"/absensi-digital","route":"/absensi-digital"}
[00:47:55.238] Browser LOG     %c[Vercel Web Analytics]%c [pageview] http://localhost:3000/absensi-digital color: rgb(120, 120, 120) color: inherit {"dp":"/absensi-digital","o":"http://localhost:3000/absensi-digital","sdkn":"@vercel/analytics/next","sdkv":"1.3.1","sv":"0.1.3","ts":1765967594096}
